2024-12-04T22:09:42.496+03:00  INFO 2196 --- [WEB-CLIENT] [SpringApplicationShutdownHook] o.s.b.w.e.tomcat.GracefulShutdown        : Commencing graceful shutdown. Waiting for active requests to complete
2024-12-04T22:09:42.501+03:00  INFO 2196 --- [WEB-CLIENT] [tomcat-shutdown] o.s.b.w.e.tomcat.GracefulShutdown        : Graceful shutdown complete
2024-12-04T22:09:48.364+03:00  INFO 3540 --- [WEB-CLIENT] [main] m.d.web.client.WebClientApplication      : Starting WebClientApplication using Java 21.0.3 with PID 3540 (G:\Users\Andrey\IdeaProjects\Spring-HW-11\Web-client\target\classes started by Andrey in G:\Users\Andrey\IdeaProjects\Spring-HW-11)
2024-12-04T22:09:48.367+03:00  INFO 3540 --- [WEB-CLIENT] [main] m.d.web.client.WebClientApplication      : No active profile set, falling back to 1 default profile: "default"
2024-12-04T22:09:49.259+03:00  INFO 3540 --- [WEB-CLIENT] [main] o.s.cloud.context.scope.GenericScope     : BeanFactory id=bbb06334-1f53-3a0a-836c-eec84640aa4e
2024-12-04T22:09:49.496+03:00  INFO 3540 --- [WEB-CLIENT] [main] o.s.b.w.embedded.tomcat.TomcatWebServer  : Tomcat initialized with port 8080 (http)
2024-12-04T22:09:49.508+03:00  INFO 3540 --- [WEB-CLIENT] [main] o.apache.catalina.core.StandardService   : Starting service [Tomcat]
2024-12-04T22:09:49.509+03:00  INFO 3540 --- [WEB-CLIENT] [main] o.apache.catalina.core.StandardEngine    : Starting Servlet engine: [Apache Tomcat/10.1.33]
2024-12-04T22:09:49.564+03:00  INFO 3540 --- [WEB-CLIENT] [main] o.a.c.c.C.[Tomcat].[localhost].[/]       : Initializing Spring embedded WebApplicationContext
2024-12-04T22:09:49.565+03:00  INFO 3540 --- [WEB-CLIENT] [main] w.s.c.ServletWebServerApplicationContext : Root WebApplicationContext: initialization completed in 1151 ms
2024-12-04T22:09:50.316+03:00  INFO 3540 --- [WEB-CLIENT] [main] o.s.b.a.e.web.EndpointLinksResolver      : Exposing 6 endpoints beneath base path '/actuator'
2024-12-04T22:09:50.382+03:00  INFO 3540 --- [WEB-CLIENT] [main] o.s.b.w.embedded.tomcat.TomcatWebServer  : Tomcat started on port 8080 (http) with context path '/'
2024-12-04T22:09:50.397+03:00  INFO 3540 --- [WEB-CLIENT] [main] m.d.web.client.WebClientApplication      : Started WebClientApplication in 2.538 seconds (process running for 3.26)
2024-12-04T22:09:51.002+03:00  INFO 3540 --- [WEB-CLIENT] [RMI TCP Connection(3)-192.168.1.3] o.a.c.c.C.[Tomcat].[localhost].[/]       : Initializing Spring DispatcherServlet 'dispatcherServlet'
2024-12-04T22:09:51.002+03:00  INFO 3540 --- [WEB-CLIENT] [RMI TCP Connection(3)-192.168.1.3] o.s.web.servlet.DispatcherServlet        : Initializing Servlet 'dispatcherServlet'
2024-12-04T22:09:51.004+03:00  INFO 3540 --- [WEB-CLIENT] [RMI TCP Connection(3)-192.168.1.3] o.s.web.servlet.DispatcherServlet        : Completed initialization in 2 ms
2024-12-04T22:16:51.554+03:00  INFO 3540 --- [WEB-CLIENT] [SpringApplicationShutdownHook] o.s.b.w.e.tomcat.GracefulShutdown        : Commencing graceful shutdown. Waiting for active requests to complete
2024-12-04T22:16:51.559+03:00  INFO 3540 --- [WEB-CLIENT] [tomcat-shutdown] o.s.b.w.e.tomcat.GracefulShutdown        : Graceful shutdown complete
2024-12-04T22:16:55.610+03:00  INFO 6652 --- [WEB-CLIENT] [main] m.d.web.client.WebClientApplication      : Starting WebClientApplication using Java 21.0.3 with PID 6652 (G:\Users\Andrey\IdeaProjects\Spring-HW-11\Web-client\target\classes started by Andrey in G:\Users\Andrey\IdeaProjects\Spring-HW-11)
2024-12-04T22:16:55.613+03:00  INFO 6652 --- [WEB-CLIENT] [main] m.d.web.client.WebClientApplication      : No active profile set, falling back to 1 default profile: "default"
2024-12-04T22:16:56.009+03:00  WARN 6652 --- [WEB-CLIENT] [main] ConfigServletWebServerApplicationContext : Exception encountered during context initialization - cancelling refresh attempt: org.springframework.beans.factory.BeanDefinitionStoreException: Failed to process import candidates for configuration class [mr.demonid.web.client.WebClientApplication]: Error processing condition on org.springframework.boot.actuate.autoconfigure.metrics.export.prometheus.PrometheusMetricsExportAutoConfiguration$PrometheusScrapeEndpointConfiguration
2024-12-04T22:16:56.016+03:00  INFO 6652 --- [WEB-CLIENT] [main] .s.b.a.l.ConditionEvaluationReportLogger : 

Error starting ApplicationContext. To display the condition evaluation report re-run your application with 'debug' enabled.
2024-12-04T22:16:56.037+03:00 ERROR 6652 --- [WEB-CLIENT] [main] o.s.b.d.LoggingFailureAnalysisReporter   : 

***************************
APPLICATION FAILED TO START
***************************

Description:

The following configuration properties are mutually exclusive:

	management.endpoint.prometheus.access
	management.endpoint.prometheus.enabled

However, more than one of those properties has been configured at the same time:

	management.endpoint.prometheus.access (originating from 'class path resource [application.yml] - 17:15')
	management.endpoint.prometheus.enabled (originating from 'class path resource [application.yml] - 18:16')


Action:

Update your configuration so that only one of the mutually exclusive properties is configured.

2024-12-04T22:18:04.330+03:00  INFO 2372 --- [WEB-CLIENT] [main] m.d.web.client.WebClientApplication      : Starting WebClientApplication using Java 21.0.3 with PID 2372 (G:\Users\Andrey\IdeaProjects\Spring-HW-11\Web-client\target\classes started by Andrey in G:\Users\Andrey\IdeaProjects\Spring-HW-11)
2024-12-04T22:18:04.333+03:00  INFO 2372 --- [WEB-CLIENT] [main] m.d.web.client.WebClientApplication      : No active profile set, falling back to 1 default profile: "default"
2024-12-04T22:18:05.216+03:00  INFO 2372 --- [WEB-CLIENT] [main] o.s.cloud.context.scope.GenericScope     : BeanFactory id=2ba2696e-ca05-326d-be11-06ffd87232b6
2024-12-04T22:18:05.437+03:00  INFO 2372 --- [WEB-CLIENT] [main] o.s.b.w.embedded.tomcat.TomcatWebServer  : Tomcat initialized with port 8080 (http)
2024-12-04T22:18:05.450+03:00  INFO 2372 --- [WEB-CLIENT] [main] o.apache.catalina.core.StandardService   : Starting service [Tomcat]
2024-12-04T22:18:05.450+03:00  INFO 2372 --- [WEB-CLIENT] [main] o.apache.catalina.core.StandardEngine    : Starting Servlet engine: [Apache Tomcat/10.1.33]
2024-12-04T22:18:05.505+03:00  INFO 2372 --- [WEB-CLIENT] [main] o.a.c.c.C.[Tomcat].[localhost].[/]       : Initializing Spring embedded WebApplicationContext
2024-12-04T22:18:05.506+03:00  INFO 2372 --- [WEB-CLIENT] [main] w.s.c.ServletWebServerApplicationContext : Root WebApplicationContext: initialization completed in 1121 ms
2024-12-04T22:18:06.285+03:00  INFO 2372 --- [WEB-CLIENT] [main] o.s.b.a.e.web.EndpointLinksResolver      : Exposing 7 endpoints beneath base path '/actuator'
2024-12-04T22:18:06.357+03:00  INFO 2372 --- [WEB-CLIENT] [main] o.s.b.w.embedded.tomcat.TomcatWebServer  : Tomcat started on port 8080 (http) with context path '/'
2024-12-04T22:18:06.373+03:00  INFO 2372 --- [WEB-CLIENT] [main] m.d.web.client.WebClientApplication      : Started WebClientApplication in 2.558 seconds (process running for 3.264)
2024-12-04T22:18:07.023+03:00  INFO 2372 --- [WEB-CLIENT] [RMI TCP Connection(3)-192.168.1.3] o.a.c.c.C.[Tomcat].[localhost].[/]       : Initializing Spring DispatcherServlet 'dispatcherServlet'
2024-12-04T22:18:07.024+03:00  INFO 2372 --- [WEB-CLIENT] [RMI TCP Connection(3)-192.168.1.3] o.s.web.servlet.DispatcherServlet        : Initializing Servlet 'dispatcherServlet'
2024-12-04T22:18:07.026+03:00  INFO 2372 --- [WEB-CLIENT] [RMI TCP Connection(3)-192.168.1.3] o.s.web.servlet.DispatcherServlet        : Completed initialization in 2 ms
2024-12-04T22:19:40.683+03:00  INFO 2372 --- [WEB-CLIENT] [SpringApplicationShutdownHook] o.s.b.w.e.tomcat.GracefulShutdown        : Commencing graceful shutdown. Waiting for active requests to complete
2024-12-04T22:19:40.688+03:00  INFO 2372 --- [WEB-CLIENT] [tomcat-shutdown] o.s.b.w.e.tomcat.GracefulShutdown        : Graceful shutdown complete
2024-12-04T22:19:43.673+03:00  INFO 10488 --- [WEB-CLIENT] [main] m.d.web.client.WebClientApplication      : Starting WebClientApplication using Java 21.0.3 with PID 10488 (G:\Users\Andrey\IdeaProjects\Spring-HW-11\Web-client\target\classes started by Andrey in G:\Users\Andrey\IdeaProjects\Spring-HW-11)
2024-12-04T22:19:43.676+03:00  INFO 10488 --- [WEB-CLIENT] [main] m.d.web.client.WebClientApplication      : No active profile set, falling back to 1 default profile: "default"
2024-12-04T22:19:44.543+03:00  INFO 10488 --- [WEB-CLIENT] [main] o.s.cloud.context.scope.GenericScope     : BeanFactory id=2ba2696e-ca05-326d-be11-06ffd87232b6
2024-12-04T22:19:44.775+03:00  INFO 10488 --- [WEB-CLIENT] [main] o.s.b.w.embedded.tomcat.TomcatWebServer  : Tomcat initialized with port 8080 (http)
2024-12-04T22:19:44.788+03:00  INFO 10488 --- [WEB-CLIENT] [main] o.apache.catalina.core.StandardService   : Starting service [Tomcat]
2024-12-04T22:19:44.788+03:00  INFO 10488 --- [WEB-CLIENT] [main] o.apache.catalina.core.StandardEngine    : Starting Servlet engine: [Apache Tomcat/10.1.33]
2024-12-04T22:19:44.836+03:00  INFO 10488 --- [WEB-CLIENT] [main] o.a.c.c.C.[Tomcat].[localhost].[/]       : Initializing Spring embedded WebApplicationContext
2024-12-04T22:19:44.836+03:00  INFO 10488 --- [WEB-CLIENT] [main] w.s.c.ServletWebServerApplicationContext : Root WebApplicationContext: initialization completed in 1108 ms
2024-12-04T22:19:45.620+03:00  INFO 10488 --- [WEB-CLIENT] [main] o.s.b.a.e.web.EndpointLinksResolver      : Exposing 7 endpoints beneath base path '/actuator'
2024-12-04T22:19:45.693+03:00  INFO 10488 --- [WEB-CLIENT] [main] o.s.b.w.embedded.tomcat.TomcatWebServer  : Tomcat started on port 8080 (http) with context path '/'
2024-12-04T22:19:45.708+03:00  INFO 10488 --- [WEB-CLIENT] [main] m.d.web.client.WebClientApplication      : Started WebClientApplication in 2.556 seconds (process running for 3.297)
2024-12-04T22:19:46.329+03:00  INFO 10488 --- [WEB-CLIENT] [RMI TCP Connection(3)-192.168.1.3] o.a.c.c.C.[Tomcat].[localhost].[/]       : Initializing Spring DispatcherServlet 'dispatcherServlet'
2024-12-04T22:19:46.329+03:00  INFO 10488 --- [WEB-CLIENT] [RMI TCP Connection(3)-192.168.1.3] o.s.web.servlet.DispatcherServlet        : Initializing Servlet 'dispatcherServlet'
2024-12-04T22:19:46.331+03:00  INFO 10488 --- [WEB-CLIENT] [RMI TCP Connection(3)-192.168.1.3] o.s.web.servlet.DispatcherServlet        : Completed initialization in 1 ms
2024-12-04T22:35:30.994+03:00  INFO 10488 --- [WEB-CLIENT] [SpringApplicationShutdownHook] o.s.b.w.e.tomcat.GracefulShutdown        : Commencing graceful shutdown. Waiting for active requests to complete
2024-12-04T22:35:30.999+03:00  INFO 10488 --- [WEB-CLIENT] [tomcat-shutdown] o.s.b.w.e.tomcat.GracefulShutdown        : Graceful shutdown complete
2024-12-04T22:35:33.506+03:00  INFO 7236 --- [WEB-CLIENT] [main] m.d.web.client.WebClientApplication      : Starting WebClientApplication using Java 21.0.3 with PID 7236 (G:\Users\Andrey\IdeaProjects\Spring-HW-11\Web-client\target\classes started by Andrey in G:\Users\Andrey\IdeaProjects\Spring-HW-11)
2024-12-04T22:35:33.508+03:00  INFO 7236 --- [WEB-CLIENT] [main] m.d.web.client.WebClientApplication      : No active profile set, falling back to 1 default profile: "default"
2024-12-04T22:35:34.416+03:00  INFO 7236 --- [WEB-CLIENT] [main] o.s.cloud.context.scope.GenericScope     : BeanFactory id=2ba2696e-ca05-326d-be11-06ffd87232b6
2024-12-04T22:35:34.694+03:00  INFO 7236 --- [WEB-CLIENT] [main] o.s.b.w.embedded.tomcat.TomcatWebServer  : Tomcat initialized with port 8080 (http)
2024-12-04T22:35:34.706+03:00  INFO 7236 --- [WEB-CLIENT] [main] o.apache.catalina.core.StandardService   : Starting service [Tomcat]
2024-12-04T22:35:34.707+03:00  INFO 7236 --- [WEB-CLIENT] [main] o.apache.catalina.core.StandardEngine    : Starting Servlet engine: [Apache Tomcat/10.1.33]
2024-12-04T22:35:34.758+03:00  INFO 7236 --- [WEB-CLIENT] [main] o.a.c.c.C.[Tomcat].[localhost].[/]       : Initializing Spring embedded WebApplicationContext
2024-12-04T22:35:34.758+03:00  INFO 7236 --- [WEB-CLIENT] [main] w.s.c.ServletWebServerApplicationContext : Root WebApplicationContext: initialization completed in 1197 ms
2024-12-04T22:35:35.634+03:00  INFO 7236 --- [WEB-CLIENT] [main] o.s.b.a.e.web.EndpointLinksResolver      : Exposing 7 endpoints beneath base path '/actuator'
2024-12-04T22:35:35.708+03:00  INFO 7236 --- [WEB-CLIENT] [main] o.s.b.w.embedded.tomcat.TomcatWebServer  : Tomcat started on port 8080 (http) with context path '/'
2024-12-04T22:35:35.723+03:00  INFO 7236 --- [WEB-CLIENT] [main] m.d.web.client.WebClientApplication      : Started WebClientApplication in 2.75 seconds (process running for 3.475)
2024-12-04T22:35:36.136+03:00  INFO 7236 --- [WEB-CLIENT] [RMI TCP Connection(3)-192.168.1.3] o.a.c.c.C.[Tomcat].[localhost].[/]       : Initializing Spring DispatcherServlet 'dispatcherServlet'
2024-12-04T22:35:36.137+03:00  INFO 7236 --- [WEB-CLIENT] [RMI TCP Connection(3)-192.168.1.3] o.s.web.servlet.DispatcherServlet        : Initializing Servlet 'dispatcherServlet'
2024-12-04T22:35:36.138+03:00  INFO 7236 --- [WEB-CLIENT] [RMI TCP Connection(3)-192.168.1.3] o.s.web.servlet.DispatcherServlet        : Completed initialization in 1 ms
2024-12-04T22:47:17.586+03:00  INFO 7236 --- [WEB-CLIENT] [SpringApplicationShutdownHook] o.s.b.w.e.tomcat.GracefulShutdown        : Commencing graceful shutdown. Waiting for active requests to complete
2024-12-04T22:47:17.593+03:00  INFO 7236 --- [WEB-CLIENT] [tomcat-shutdown] o.s.b.w.e.tomcat.GracefulShutdown        : Graceful shutdown complete
2024-12-04T22:47:23.385+03:00  INFO 1716 --- [WEB-CLIENT] [main] m.d.web.client.WebClientApplication      : Starting WebClientApplication using Java 21.0.3 with PID 1716 (G:\Users\Andrey\IdeaProjects\Spring-HW-11\Web-client\target\classes started by Andrey in G:\Users\Andrey\IdeaProjects\Spring-HW-11)
2024-12-04T22:47:23.387+03:00  INFO 1716 --- [WEB-CLIENT] [main] m.d.web.client.WebClientApplication      : No active profile set, falling back to 1 default profile: "default"
2024-12-04T22:47:24.302+03:00  INFO 1716 --- [WEB-CLIENT] [main] o.s.cloud.context.scope.GenericScope     : BeanFactory id=3236886e-31f0-390f-913c-81bc707e5763
2024-12-04T22:47:24.530+03:00  INFO 1716 --- [WEB-CLIENT] [main] o.s.b.w.embedded.tomcat.TomcatWebServer  : Tomcat initialized with port 8080 (http)
2024-12-04T22:47:24.543+03:00  INFO 1716 --- [WEB-CLIENT] [main] o.apache.catalina.core.StandardService   : Starting service [Tomcat]
2024-12-04T22:47:24.543+03:00  INFO 1716 --- [WEB-CLIENT] [main] o.apache.catalina.core.StandardEngine    : Starting Servlet engine: [Apache Tomcat/10.1.33]
2024-12-04T22:47:24.593+03:00  INFO 1716 --- [WEB-CLIENT] [main] o.a.c.c.C.[Tomcat].[localhost].[/]       : Initializing Spring embedded WebApplicationContext
2024-12-04T22:47:24.593+03:00  INFO 1716 --- [WEB-CLIENT] [main] w.s.c.ServletWebServerApplicationContext : Root WebApplicationContext: initialization completed in 1151 ms
2024-12-04T22:47:25.748+03:00  INFO 1716 --- [WEB-CLIENT] [main] o.s.b.a.e.web.EndpointLinksResolver      : Exposing 7 endpoints beneath base path '/actuator'
2024-12-04T22:47:25.816+03:00  INFO 1716 --- [WEB-CLIENT] [main] o.s.b.w.embedded.tomcat.TomcatWebServer  : Tomcat started on port 8080 (http) with context path '/'
2024-12-04T22:47:25.831+03:00  INFO 1716 --- [WEB-CLIENT] [main] m.d.web.client.WebClientApplication      : Started WebClientApplication in 2.951 seconds (process running for 3.69)
2024-12-04T22:47:26.251+03:00  INFO 1716 --- [WEB-CLIENT] [registrationTask1] d.c.b.a.c.r.ApplicationRegistrator       : Application registered itself as 64795c4b66cb
2024-12-04T22:47:26.272+03:00  INFO 1716 --- [WEB-CLIENT] [RMI TCP Connection(2)-192.168.1.3] o.a.c.c.C.[Tomcat].[localhost].[/]       : Initializing Spring DispatcherServlet 'dispatcherServlet'
2024-12-04T22:47:26.272+03:00  INFO 1716 --- [WEB-CLIENT] [RMI TCP Connection(2)-192.168.1.3] o.s.web.servlet.DispatcherServlet        : Initializing Servlet 'dispatcherServlet'
2024-12-04T22:47:26.274+03:00  INFO 1716 --- [WEB-CLIENT] [RMI TCP Connection(2)-192.168.1.3] o.s.web.servlet.DispatcherServlet        : Completed initialization in 1 ms
2024-12-04T23:06:42.953+03:00  INFO 1716 --- [WEB-CLIENT] [SpringApplicationShutdownHook] o.s.b.w.e.tomcat.GracefulShutdown        : Commencing graceful shutdown. Waiting for active requests to complete
2024-12-04T23:06:42.977+03:00  INFO 1716 --- [WEB-CLIENT] [tomcat-shutdown] o.s.b.w.e.tomcat.GracefulShutdown        : Graceful shutdown complete
